Warning[205] D:\ELECTRONIC ENGINEERING\UC MARLON\LABS\LAB1.X\MAIN.ASM 1 : Found directive in column 1. (list)
Warning[205] D:\ELECTRONIC ENGINEERING\UC MARLON\LABS\LAB1.X\MAIN.ASM 22 : Found directive in column 1. (__CONFIG)
Message[303] D:\ELECTRONIC ENGINEERING\UC MARLON\LABS\LAB1.X\MAIN.ASM 22 : Program word too large.  Truncated to core size. (E3F4)
Warning[205] D:\ELECTRONIC ENGINEERING\UC MARLON\LABS\LAB1.X\MAIN.ASM 23 : Found directive in column 1. (__CONFIG)
Message[303] D:\ELECTRONIC ENGINEERING\UC MARLON\LABS\LAB1.X\MAIN.ASM 23 : Program word too large.  Truncated to core size. (FEFF)
Warning[205] D:\ELECTRONIC ENGINEERING\UC MARLON\LABS\LAB1.X\MAIN.ASM 26 : Found directive in column 1. (CBLOCK)
Warning[205] D:\ELECTRONIC ENGINEERING\UC MARLON\LABS\LAB1.X\MAIN.ASM 39 : Found directive in column 1. (ENDC)
Warning[205] D:\ELECTRONIC ENGINEERING\UC MARLON\LABS\LAB1.X\MAIN.ASM 41 : Found directive in column 1. (ORG)
Message[305] D:\ELECTRONIC ENGINEERING\UC MARLON\LABS\LAB1.X\MAIN.ASM 45 : Using default destination of 1 (file).
Message[302] D:\ELECTRONIC ENGINEERING\UC MARLON\LABS\LAB1.X\CONFIGURACIONES.INC 5 : Register in operand not in bank 0.  Ensure that bank bits are correct.
Warning[203] D:\ELECTRONIC ENGINEERING\UC MARLON\LABS\LAB1.X\CONFIGURACIONES.INC 7 : Found opcode in column 1. (RETURN)
Message[302] D:\ELECTRONIC ENGINEERING\UC MARLON\LABS\LAB1.X\CONFIGURACIONES.INC 12 : Register in operand not in bank 0.  Ensure that bank bits are correct.
Message[302] D:\ELECTRONIC ENGINEERING\UC MARLON\LABS\LAB1.X\CONFIGURACIONES.INC 14 : Register in operand not in bank 0.  Ensure that bank bits are correct.
Message[302] D:\ELECTRONIC ENGINEERING\UC MARLON\LABS\LAB1.X\CONFIGURACIONES.INC 16 : Register in operand not in bank 0.  Ensure that bank bits are correct.
Message[302] D:\ELECTRONIC ENGINEERING\UC MARLON\LABS\LAB1.X\CONFIGURACIONES.INC 17 : Register in operand not in bank 0.  Ensure that bank bits are correct.
Message[302] D:\ELECTRONIC ENGINEERING\UC MARLON\LABS\LAB1.X\CONFIGURACIONES.INC 19 : Register in operand not in bank 0.  Ensure that bank bits are correct.
Message[302] D:\ELECTRONIC ENGINEERING\UC MARLON\LABS\LAB1.X\CONFIGURACIONES.INC 20 : Register in operand not in bank 0.  Ensure that bank bits are correct.
Warning[203] D:\ELECTRONIC ENGINEERING\UC MARLON\LABS\LAB1.X\CONFIGURACIONES.INC 25 : Found opcode in column 1. (RETURN)
Message[305] D:\ELECTRONIC ENGINEERING\UC MARLON\LABS\LAB1.X\CONVERSOR.INC 4 : Using default destination of 1 (file).
Message[305] D:\ELECTRONIC ENGINEERING\UC MARLON\LABS\LAB1.X\CONVERSOR.INC 5 : Using default destination of 1 (file).
Message[305] D:\ELECTRONIC ENGINEERING\UC MARLON\LABS\LAB1.X\CONVERSOR.INC 12 : Using default destination of 1 (file).
Message[305] D:\ELECTRONIC ENGINEERING\UC MARLON\LABS\LAB1.X\CONVERSOR.INC 19 : Using default destination of 1 (file).
Message[305] D:\ELECTRONIC ENGINEERING\UC MARLON\LABS\LAB1.X\CONVERSOR.INC 28 : Using default destination of 1 (file).
Warning[203] D:\ELECTRONIC ENGINEERING\UC MARLON\LABS\LAB1.X\CONVERSOR.INC 38 : Found opcode in column 1. (RETURN)
Message[305] D:\ELECTRONIC ENGINEERING\UC MARLON\LABS\LAB1.X\SECUENCIA.INC 101 : Using default destination of 1 (file).
Message[305] D:\ELECTRONIC ENGINEERING\UC MARLON\LABS\LAB1.X\RETARDO.INC 6 : Using default destination of 1 (file).
Message[305] D:\ELECTRONIC ENGINEERING\UC MARLON\LABS\LAB1.X\RETARDO.INC 8 : Using default destination of 1 (file).
Message[305] D:\ELECTRONIC ENGINEERING\UC MARLON\LABS\LAB1.X\RETARDO.INC 18 : Using default destination of 1 (file).
Message[305] D:\ELECTRONIC ENGINEERING\UC MARLON\LABS\LAB1.X\RETARDO.INC 20 : Using default destination of 1 (file).
Message[305] D:\ELECTRONIC ENGINEERING\UC MARLON\LABS\LAB1.X\VER.INC 4 : Using default destination of 1 (file).
Warning[203] D:\ELECTRONIC ENGINEERING\UC MARLON\LABS\LAB1.X\VER.INC 14 : Found opcode in column 1. (RETURN)
Warning[205] D:\ELECTRONIC ENGINEERING\UC MARLON\LABS\LAB1.X\MAIN.ASM 67 : Found directive in column 1. (END)
Message[303] D:\ELECTRONIC ENGINEERING\UC MARLON\LABS\LAB1.X\MAIN.ASM 67 : Program word too large.  Truncated to core size. (E3F4)
Message[303] D:\ELECTRONIC ENGINEERING\UC MARLON\LABS\LAB1.X\MAIN.ASM 67 : Program word too large.  Truncated to core size. (FEFF)
