MPASM 5.66                          MAIN.ASM   3-10-2017  12:10:01         PAGE  1


LOC  OBJECT CODE     LINE SOURCE TEXT
  VALUE

Warning[205]: Found directive in column 1. (list)
                      00001 list p=16F887
                      00002 
  00002007            00003 _CONFIG1    EQU H'2007'
  00002008            00004 _CONFIG2    EQU H'2008'
  00000003            00005 STATUS      EQU H'0003'
  00000085            00006 TRISA       EQU H'0085'
  00000086            00007 TRISB       EQU H'0086'
  00000087            00008 TRISC       EQU H'0087'
  00000188            00009 ANSEL       EQU H'0188'
  00000189            00010 ANSELH      EQU H'0189'
  00000005            00011 PORTA       EQU H'0005'     ;CARGAR VALOR DE INICIO
  00000006            00012 PORTB       EQU H'0006'     ;SALIDA UNIDADES Y DECENAS
  00000007            00013 PORTC       EQU H'0007'     ;SALIDA CENTENAS
  00000008            00014 PORTD       EQU H'0008'     
  00000000            00015 RA0         EQU H'0000'
  00000001            00016 RA1         EQU H'0001'     ;REINICIO
  00000005            00017 RP0         EQU H'0005'
  00000006            00018 RP1         EQU H'0006'
  0000008F            00019 OSCCON      EQU H'008F'
                      00020 
                      00021 ;CONFIGURACION DE BITS
Warning[205]: Found directive in column 1. (__CONFIG)
Message[303]: Program word too large.  Truncated to core size. (E3F4)
2007   23F4           00022 __CONFIG _CONFIG1, 0XE3F4
Warning[205]: Found directive in column 1. (__CONFIG)
Message[303]: Program word too large.  Truncated to core size. (FEFF)
2008   3EFF           00023 __CONFIG _CONFIG2, 0XFEFF
                      00024             
                      00025 ;DEFINICION DE VARIABLES
Warning[205]: Found directive in column 1. (CBLOCK)
                      00026 CBLOCK 0X20
  00000020            00027         C1      ;0X20
  00000021            00028         CONT2   ;0X21
  00000022            00029         CONTX
  00000023            00030         CONTY
  00000024            00031         UNI     ;0X24 REGISTRO DE UNIDADES
  00000025            00032         DEC     
  00000026            00033         CEN
  00000027            00034         X       ;REGISTRO PARA CONTAR EL EL CONVERSOR
  00000028            00035         CONT1
  00000029            00036         A       ;REGISTRO PARA LAS DECENAS EN SUBRUTINA VER
  0000002A            00037         MIN     ;REGISTRO PARA CONTAR EL MINUTO DE LA SECUENCIA
  0000002B            00038         RST     ;RESET
Warning[205]: Found directive in column 1. (ENDC)
                      00039 ENDC
                      00040         
Warning[205]: Found directive in column 1. (ORG)
                      00041 ORG .0
0000   2???           00042   CALL  OSC_CONF
0001   2???           00043   CALL  PORT_CONF
0002                  00044 LOOP:  
Message[305]: Using default destination of 1 (file).
MPASM 5.66                          MAIN.ASM   3-10-2017  12:10:01         PAGE  2


LOC  OBJECT CODE     LINE SOURCE TEXT
  VALUE

0002   0AA8           00045   INCF  CONT1
0003   2???           00046   CALL  CONVERSOR
0004   2???           00047   CALL  VER
0005   2???           00048   CALL  RETARDO
0006   1C08           00049   BTFSS PORTD,0    ;TESTEO EL BIT BANDERA Z EN STATUS Y SI EST ENCENDIDO SALTA LA SIG INSTRUCCION
0007   2???           00050   GOTO  $+4         ;
0008   0805           00051   MOVFW PORTA       ;COMO BANDERA Z EN 1, ASIGNO EL VR DE CONT1 AL PUERTO A
0009   00A8           00052   MOVWF CONT1       
000A   2???           00053   GOTO  $-7
000B   30FF           00054   MOVLW 0XFF
000C   0628           00055   XORWF CONT1,0
000D   1903           00056   BTFSC STATUS,2
000E   2???           00057   CALL  SECUENCIA
000F   2???           00058   GOTO  LOOP
                      00059   
                      00060   #INCLUDE  "CONFIGURACIONES.INC"
0010                  00001 OSC_CONF:
0010   1683           00002     BSF     STATUS,RP0
0011   1303           00003     BCF     STATUS,RP1  ;ESCOJO EL BANCO 1
0012   3011           00004     MOVLW   0X11        ;EL OSCILADOR INTERNO ENABLE, Y Fosc = 125KHz
Message[302]: Register in operand not in bank 0.  Ensure that bank bits are correct.
0013   008F           00005     MOVWF   OSCCON      ;
0014   1283 1303      00006     BANKSEL PORTA   
Warning[203]: Found opcode in column 1. (RETURN)
0016   0008           00007 RETURN
                      00008     
0017                  00009 PORT_CONF:
0017   1683 1303      00010     BANKSEL TRISA
0019   30FF           00011     MOVLW   0XFF
Message[302]: Register in operand not in bank 0.  Ensure that bank bits are correct.
001A   0085           00012     MOVWF   TRISA   ;PORTA COMO ENTRADA
001B   3001           00013     MOVLW   0X01
Message[302]: Register in operand not in bank 0.  Ensure that bank bits are correct.
001C   0088           00014     MOVWF   TRISD   ;BIT 1 PORTD COMO ENTRADA
001D   1683 1703      00015     BANKSEL ANSEL
Message[302]: Register in operand not in bank 0.  Ensure that bank bits are correct.
001F   0188           00016     CLRF    ANSEL   ;ENTRADAS DIGITALES ANSEL EN 0
Message[302]: Register in operand not in bank 0.  Ensure that bank bits are correct.
0020   0189           00017     CLRF    ANSELH  
0021   1683 1303      00018     BANKSEL TRISB
Message[302]: Register in operand not in bank 0.  Ensure that bank bits are correct.
0023   0186           00019     CLRF    TRISB   ;CLAREO LOS TRIS B Y C PARA SALIDA
Message[302]: Register in operand not in bank 0.  Ensure that bank bits are correct.
0024   0187           00020     CLRF    TRISC
0025   1283 1303      00021     BANKSEL PORTA   
0027   0185           00022     CLRF    PORTA
0028   0186           00023     CLRF    PORTB
0029   0187           00024     CLRF    PORTC
Warning[203]: Found opcode in column 1. (RETURN)
002A   0008           00025 RETURN
                      00061   #INCLUDE  "CONVERSOR.INC"
002B                  00001 CONVERSOR:
002B   0828           00002     MOVFW   CONT1
MPASM 5.66                          MAIN.ASM   3-10-2017  12:10:01         PAGE  3


LOC  OBJECT CODE     LINE SOURCE TEXT
  VALUE

002C   00A7           00003     MOVWF   X
Message[305]: Using default destination of 1 (file).
002D   0AA4           00004     INCF    UNI
Message[305]: Using default destination of 1 (file).
002E   0BA7           00005     DECFSZ  X
002F   2???           00006     GOTO    NO
                      00007      
                      00008     
0030   0008           00009     RETURN
                      00010     
0031                  00011 NO:   
Message[305]: Using default destination of 1 (file).
0031   0AA4           00012     INCF    UNI
0032   300A           00013     MOVLW   .10
0033   0624           00014     XORWF   UNI,W
0034   1D03           00015     BTFSS   STATUS,2   ;SI BIT 2 DEL REGISTRO UNIDAD ES 1, ENTONCES SALTA A INC LAS DEC, SI ES 0, REGRES
                            A A INC LAS UNIDADES
0035   2???           00016     GOTO    $-7
                      00017     
0036   01A4           00018     CLRF    UNI
Message[305]: Using default destination of 1 (file).
0037   0AA5           00019     INCF    DEC
                      00020     
0038   300A           00021     MOVLW   .10
0039   0625           00022     XORWF   DEC,W
003A   1D03           00023     BTFSS   STATUS,2
003B   2???           00024     GOTO    $-6
                      00025     
003C   01A4           00026     CLRF    UNI
003D   01A5           00027     CLRF    DEC
Message[305]: Using default destination of 1 (file).
003E   0AA6           00028     INCF    CEN
                      00029     
003F   300A           00030     MOVLW   .10
0040   0626           00031     XORWF   CEN,W
0041   1D03           00032     BTFSS   STATUS,2
0042   2???           00033     GOTO    $-7
0043   01A4           00034     CLRF    UNI
0044   01A5           00035     CLRF    DEC
0045   01A6           00036     CLRF    CEN
                      00037 
Warning[203]: Found opcode in column 1. (RETURN)
0046   0008           00038 RETURN
                      00062   #INCLUDE  "SECUENCIA.INC"
0047                  00001 SECUENCIA:
0047   300A           00002     MOVLW   .10     ;CARGO 60 SEG AL REGISTRO   MIN
0048   00AA           00003     MOVWF   MIN     ;REGISTRO DE 60 SEG = 1 MIN
0049                  00004 SEC:    
0049   300F           00005     MOVLW   0X0F    ;MUEVO 0F A PUERTO C
004A   0087           00006     MOVWF   PORTC
004B   30FF           00007     MOVLW   0XFF    ;MUEVO 0XFF A PUERTO B
004C   0086           00008     MOVWF   PORTB
004D   2???           00009     CALL    RETARDO2
MPASM 5.66                          MAIN.ASM   3-10-2017  12:10:01         PAGE  4


LOC  OBJECT CODE     LINE SOURCE TEXT
  VALUE

                      00010     
004E   1808           00011     BTFSC   PORTD,0    ;TESTEO EL BIT 0 EN PORTD Y SI EST ENCENDIDO SALTA LA SIG INSTRUCCION
004F   2???           00012     GOTO    LOOP        ;REGRESA A LOOP
                      00013     
0050   3007           00014     MOVLW   0X07
0051   0087           00015     MOVWF   PORTC   
0052   30FE           00016     MOVLW   0XFE
0053   0086           00017     MOVWF   PORTB
0054   2???           00018     CALL    RETARDO2
                      00019     
0055   1808           00020     BTFSC   PORTD,0    ;TESTEO EL BIT 0 EN PORTD Y SI EST ENCENDIDO SALTA LA SIG INSTRUCCION
0056   2???           00021     GOTO    LOOP        ;REGRESA A LOOP
                      00022     
0057   3003           00023     MOVLW   0X03
0058   0087           00024     MOVWF   PORTC
0059   30FC           00025     MOVLW   0XFC
005A   0086           00026     MOVWF   PORTB
005B   2???           00027     CALL    RETARDO2
                      00028     
005C   1808           00029     BTFSC   PORTD,0    ;TESTEO EL BIT 0 EN PORTD Y SI EST ENCENDIDO SALTA LA SIG INSTRUCCION
005D   2???           00030     GOTO    LOOP        ;REGRESA A LOOP
                      00031     
005E   3001           00032     MOVLW   0X01
005F   0087           00033     MOVWF   PORTC
0060   30F8           00034     MOVLW   0X0F8
0061   0086           00035     MOVWF   PORTB
0062   2???           00036     CALL    RETARDO2
                      00037     
0063   1808           00038     BTFSC   PORTD,0    ;TESTEO EL BIT 0 EN PORTD Y SI EST ENCENDIDO SALTA LA SIG INSTRUCCION
0064   2???           00039     GOTO    LOOP        ;REGRESA A LOOP
                      00040     
0065   0187           00041     CLRF    PORTC
0066   30F0           00042     MOVLW   0XF0
0067   0086           00043     MOVWF   PORTB
0068   2???           00044     CALL    RETARDO2
                      00045     
0069   1808           00046     BTFSC   PORTD,0    ;TESTEO EL BIT 0 EN PORTD Y SI EST ENCENDIDO SALTA LA SIG INSTRUCCION
006A   2???           00047     GOTO    LOOP        ;REGRESA A LOOP
                      00048     
006B   0187           00049     CLRF    PORTC
006C   3060           00050     MOVLW   0X60
006D   0086           00051     MOVWF   PORTB
006E   2???           00052     CALL    RETARDO2
                      00053     
006F   1808           00054     BTFSC   PORTD,0    ;TESTEO EL BIT 0 EN PORTD Y SI EST ENCENDIDO SALTA LA SIG INSTRUCCION
0070   2???           00055     GOTO    LOOP        ;REGRESA A LOOP
                      00056     
0071   0187           00057     CLRF    PORTC
0072   30F0           00058     MOVLW   0XF0
0073   0086           00059     MOVWF   PORTB
0074   2???           00060     CALL    RETARDO2
                      00061     
0075   1808           00062     BTFSC   PORTD,0    ;TESTEO EL BIT 0 EN PORTD Y SI EST ENCENDIDO SALTA LA SIG INSTRUCCION
MPASM 5.66                          MAIN.ASM   3-10-2017  12:10:01         PAGE  5


LOC  OBJECT CODE     LINE SOURCE TEXT
  VALUE

0076   2???           00063     GOTO    LOOP        ;REGRESA A LOOP
                      00064     
0077   3001           00065     MOVLW   0X01
0078   0087           00066     MOVWF   PORTC
0079   30F8           00067     MOVLW   0XF8
007A   0086           00068     MOVWF   PORTB
007B   2???           00069     CALL    RETARDO2
                      00070     
007C   1808           00071     BTFSC   PORTD,0    ;TESTEO EL BIT 0 EN PORTD Y SI EST ENCENDIDO SALTA LA SIG INSTRUCCION
007D   2???           00072     GOTO    LOOP        ;REGRESA A LOOP
                      00073     
007E   3003           00074     MOVLW   0X03
007F   0087           00075     MOVWF   PORTC
0080   30FC           00076     MOVLW   0XFC
0081   0086           00077     MOVWF   PORTB
0082   2???           00078     CALL    RETARDO2
                      00079     
0083   1808           00080     BTFSC   PORTD,0    ;TESTEO EL BIT 0 EN PORTD Y SI EST ENCENDIDO SALTA LA SIG INSTRUCCION
0084   2???           00081     GOTO    LOOP        ;REGRESA A LOOP
                      00082     
0085   3007           00083     MOVLW   0X07
0086   0087           00084     MOVWF   PORTC
0087   30FE           00085     MOVLW   0XFE
0088   0086           00086     MOVWF   PORTB
0089   2???           00087     CALL    RETARDO2
                      00088     
008A   1808           00089     BTFSC   PORTD,0    ;TESTEO EL BIT 0 EN PORTD Y SI EST ENCENDIDO SALTA LA SIG INSTRUCCION
008B   2???           00090     GOTO    LOOP        ;REGRESA A LOOP
                      00091     
008C   300F           00092     MOVLW   0X0F
008D   0087           00093     MOVWF   PORTC
008E   30FF           00094     MOVLW   0XFF    
008F   0086           00095     MOVWF   PORTB
0090   2???           00096     CALL    RETARDO2
                      00097     
0091   1808           00098     BTFSC   PORTD,0    ;TESTEO EL BIT 0 EN PORTD Y SI EST ENCENDIDO SALTA LA SIG INSTRUCCION
0092   2???           00099     GOTO    LOOP        ;REGRESA A LOOP
                      00100     
Message[305]: Using default destination of 1 (file).
0093   0BAA           00101     DECFSZ  MIN
0094   2???           00102     GOTO    SEC
0095   0008           00103     RETURN
                      00063   #INCLUDE  "P16F887.INC"
                      00001         LIST
                      00002 
                      00003 ;==========================================================================
                      00004 ; Build date : Feb 01 2016
                      00005 ;  MPASM PIC16F887 processor include
                      00006 ; 
                      00007 ;  (c) Copyright 1999-2016 Microchip Technology, All rights reserved
                      00008 ;==========================================================================
                      00009 
                      00810         LIST
MPASM 5.66                          MAIN.ASM   3-10-2017  12:10:01         PAGE  6


LOC  OBJECT CODE     LINE SOURCE TEXT
  VALUE

                      00064   #INCLUDE  "RETARDO.INC"
0096                  00001 RETARDO:    
0096   3064           00002     MOVLW   .100    ;SE ASIGNA UN VALOR ALEATORIO AL CONTADOR 1
0097   00A0           00003     MOVWF   C1
0098   3068           00004     MOVLW   .104    ;SE ASIGNA EL VALOR DE LA ECUACION AL CONTADOR 2
0099   00A1           00005     MOVWF   CONT2
Message[305]: Using default destination of 1 (file).
009A   0BA1           00006     DECFSZ  CONT2   ;DECREMENTA EL CONTADOR 2 Y SALTA A DECREMENTAR EL CONT1 SI CONT2 = 0
009B   2???           00007     GOTO    $-1     ;REGRESA A DECREMENTAR EL CONT2
Message[305]: Using default destination of 1 (file).
009C   0BA0           00008     DECFSZ  C1   ;DECREMENTA EL CONT1 Y SALTA AL RETURN SI CONT1 = 0
009D   2???           00009     GOTO    $-5     ;REGRESA A ASIGNAR VALOR AL CONT2
                      00010     
009E   0008           00011     RETURN
                      00012 
009F                  00013 RETARDO2:
009F   3064           00014     MOVLW   .100
00A0   00A2           00015     MOVWF   CONTX
00A1   3036           00016     MOVLW   .54
00A2   00A3           00017     MOVWF   CONTY
Message[305]: Using default destination of 1 (file).
00A3   0BA3           00018     DECFSZ  CONTY
00A4   2???           00019     GOTO    $-1
Message[305]: Using default destination of 1 (file).
00A5   0BA2           00020     DECFSZ  CONTX
00A6   2???           00021     GOTO    $-5
                      00022     
00A7   0008           00023     RETURN
                      00024 
                      00025 
                      00065   #INCLUDE  "VER.INC"
00A8                  00001 VER:
00A8   0825           00002     MOVFW   DEC
00A9   00A9           00003     MOVWF   A
Message[305]: Using default destination of 1 (file).
00AA   0EA9           00004     SWAPF   A
00AB   0824           00005     MOVFW   UNI
00AC   0429           00006     IORWF   A,W
00AD   0086           00007     MOVWF   PORTB
00AE   0826           00008     MOVFW   CEN
00AF   0087           00009     MOVWF   PORTC
                      00010     
00B0   01A4           00011     CLRF    UNI
00B1   01A5           00012     CLRF    DEC
00B2   01A6           00013     CLRF    CEN
Warning[203]: Found opcode in column 1. (RETURN)
00B3   0008           00014 RETURN
                      00015     
                      00016     
                      00017 
                      00066   
Warning[205]: Found directive in column 1. (END)
Message[303]: Program word too large.  Truncated to core size. (E3F4)
MPASM 5.66                          MAIN.ASM   3-10-2017  12:10:01         PAGE  7


LOC  OBJECT CODE     LINE SOURCE TEXT
  VALUE

Message[303]: Program word too large.  Truncated to core size. (FEFF)
23F4 3EFF             00067 END
MPASM 5.66                          MAIN.ASM   3-10-2017  12:10:01         PAGE  8


SYMBOL TABLE
  LABEL                             VALUE 

A                                 00000029
ABDEN                             00000000
ABDOVF                            00000007
ACKDT                             00000005
ACKEN                             00000004
ACKSTAT                           00000006
ADCON0                            0000001F
ADCON1                            0000009F
ADCS0                             00000006
ADCS1                             00000007
ADDEN                             00000003
ADFM                              00000007
ADIE                              00000006
ADIF                              00000006
ADON                              00000000
ADRESH                            0000001E
ADRESL                            0000009E
ANS0                              00000000
ANS1                              00000001
ANS10                             00000002
ANS11                             00000003
ANS12                             00000004
ANS13                             00000005
ANS2                              00000002
ANS3                              00000003
ANS4                              00000004
ANS5                              00000005
ANS6                              00000006
ANS7                              00000007
ANS8                              00000000
ANS9                              00000001
ANSEL                             00000188
ANSELH                            00000189
BAUDCTL                           00000187
BCLIE                             00000003
BCLIF                             00000003
BF                                00000000
BRG0                              00000000
BRG1                              00000001
BRG10                             00000002
BRG11                             00000003
BRG12                             00000004
BRG13                             00000005
BRG14                             00000006
BRG15                             00000007
BRG16                             00000003
BRG2                              00000002
BRG3                              00000003
BRG4                              00000004
BRG5                              00000005
BRG6                              00000006
BRG7                              00000007
BRG8                              00000000
MPASM 5.66                          MAIN.ASM   3-10-2017  12:10:01         PAGE  9


SYMBOL TABLE
  LABEL                             VALUE 

BRG9                              00000001
BRGH                              00000002
C                                 00000000
C1                                00000020
C1CH0                             00000000
C1CH1                             00000001
C1IE                              00000005
C1IF                              00000005
C1OE                              00000005
C1ON                              00000007
C1OUT                             00000006
C1POL                             00000004
C1R                               00000002
C1RSEL                            00000005
C1SEN                             00000005
C2CH0                             00000000
C2CH1                             00000001
C2IE                              00000006
C2IF                              00000006
C2OE                              00000005
C2ON                              00000007
C2OUT                             00000006
C2POL                             00000004
C2R                               00000002
C2REN                             00000004
C2RSEL                            00000004
C2SYNC                            00000000
CCP1CON                           00000017
CCP1IE                            00000002
CCP1IF                            00000002
CCP1M0                            00000000
CCP1M1                            00000001
CCP1M2                            00000002
CCP1M3                            00000003
CCP1X                             00000005
CCP1Y                             00000004
CCP2CON                           0000001D
CCP2IE                            00000000
CCP2IF                            00000000
CCP2M0                            00000000
CCP2M1                            00000001
CCP2M2                            00000002
CCP2M3                            00000003
CCP2X                             00000005
CCP2Y                             00000004
CCPR1                             00000015
CCPR1H                            00000016
CCPR1L                            00000015
CCPR2                             0000001B
CCPR2H                            0000001C
CCPR2L                            0000001B
CEN                               00000026
CHS0                              00000002
MPASM 5.66                          MAIN.ASM   3-10-2017  12:10:01         PAGE 10


SYMBOL TABLE
  LABEL                             VALUE 

CHS1                              00000003
CHS2                              00000004
CHS3                              00000005
CKE                               00000006
CKP                               00000004
CM1CON0                           00000107
CM2CON0                           00000108
CM2CON1                           00000109
CONT1                             00000028
CONT2                             00000021
CONTX                             00000022
CONTY                             00000023
CONVERSOR                         0000002B
CREN                              00000004
CSRC                              00000007
D                                 00000005
DATA_ADDRESS                      00000005
DC                                00000001
DC1B0                             00000004
DC1B1                             00000005
DC2B0                             00000004
DC2B1                             00000005
DEC                               00000025
D_A                               00000005
D_NOT_A                           00000005
ECCPAS                            0000009C
ECCPAS0                           00000004
ECCPAS1                           00000005
ECCPAS2                           00000006
ECCPASE                           00000007
EEADR                             0000010D
EEADRH                            0000010F
EECON1                            0000018C
EECON2                            0000018D
EEDAT                             0000010C
EEDATA                            0000010C
EEDATH                            0000010E
EEIE                              00000004
EEIF                              00000004
EEPGD                             00000007
F                                 00000001
FERR                              00000002
FSR                               00000004
FVREN                             00000000
GCEN                              00000007
GIE                               00000007
GO                                00000001
GO_DONE                           00000001
GO_NOT_DONE                       00000001
HTS                               00000002
I2C_DATA                          00000005
I2C_READ                          00000002
I2C_START                         00000003
MPASM 5.66                          MAIN.ASM   3-10-2017  12:10:01         PAGE 11


SYMBOL TABLE
  LABEL                             VALUE 

I2C_STOP                          00000004
INDF                              00000000
INTCON                            0000000B
INTE                              00000004
INTEDG                            00000006
INTF                              00000001
IOCB                              00000096
IOCB0                             00000000
IOCB1                             00000001
IOCB2                             00000002
IOCB3                             00000003
IOCB4                             00000004
IOCB5                             00000005
IOCB6                             00000006
IOCB7                             00000007
IRCF0                             00000004
IRCF1                             00000005
IRCF2                             00000006
IRP                               00000007
LOOP                              00000002
LTS                               00000001
MC1OUT                            00000007
MC2OUT                            00000006
MIN                               0000002A
MSK                               00000093
MSK0                              00000000
MSK1                              00000001
MSK2                              00000002
MSK3                              00000003
MSK4                              00000004
MSK5                              00000005
MSK6                              00000006
MSK7                              00000007
NO                                00000031
NOT_A                             00000005
NOT_ADDRESS                       00000005
NOT_BO                            00000000
NOT_BOR                           00000000
NOT_DONE                          00000001
NOT_PD                            00000003
NOT_POR                           00000001
NOT_RBPU                          00000007
NOT_RC8                           00000006
NOT_T1SYNC                        00000002
NOT_TO                            00000004
NOT_TX8                           00000006
NOT_W                             00000002
NOT_WRITE                         00000002
OERR                              00000001
OPTION_REG                        00000081
OSCCON                            0000008F
OSCTUNE                           00000090
OSC_CONF                          00000010
MPASM 5.66                          MAIN.ASM   3-10-2017  12:10:01         PAGE 12


SYMBOL TABLE
  LABEL                             VALUE 

OSFIE                             00000007
OSFIF                             00000007
OSTS                              00000003
P                                 00000004
P1M0                              00000006
P1M1                              00000007
PCL                               00000002
PCLATH                            0000000A
PCON                              0000008E
PDC0                              00000000
PDC1                              00000001
PDC2                              00000002
PDC3                              00000003
PDC4                              00000004
PDC5                              00000005
PDC6                              00000006
PEIE                              00000006
PEN                               00000002
PIE1                              0000008C
PIE2                              0000008D
PIR1                              0000000C
PIR2                              0000000D
PORTA                             00000005
PORTB                             00000006
PORTC                             00000007
PORTD                             00000008
PORTE                             00000009
PORT_CONF                         00000017
PR2                               00000092
PRSEN                             00000007
PS0                               00000000
PS1                               00000001
PS2                               00000002
PSA                               00000003
PSSAC0                            00000002
PSSAC1                            00000003
PSSBD0                            00000000
PSSBD1                            00000001
PSTRCON                           0000009D
PULSR                             00000002
PULSS                             00000003
PWM1CON                           0000009B
R                                 00000002
RA0                               00000000
RA1                               00000001
RA2                               00000002
RA3                               00000003
RA4                               00000004
RA5                               00000005
RA6                               00000006
RA7                               00000007
RB0                               00000000
RB1                               00000001
MPASM 5.66                          MAIN.ASM   3-10-2017  12:10:01         PAGE 13


SYMBOL TABLE
  LABEL                             VALUE 

RB2                               00000002
RB3                               00000003
RB4                               00000004
RB5                               00000005
RB6                               00000006
RB7                               00000007
RBIE                              00000003
RBIF                              00000000
RC0                               00000000
RC1                               00000001
RC2                               00000002
RC3                               00000003
RC4                               00000004
RC5                               00000005
RC6                               00000006
RC7                               00000007
RC8_9                             00000006
RC9                               00000006
RCD8                              00000000
RCEN                              00000003
RCIDL                             00000006
RCIE                              00000005
RCIF                              00000005
RCREG                             0000001A
RCSTA                             00000018
RD                                00000000
RD0                               00000000
RD1                               00000001
RD2                               00000002
RD3                               00000003
RD4                               00000004
RD5                               00000005
RD6                               00000006
RD7                               00000007
RE0                               00000000
RE1                               00000001
RE2                               00000002
RE3                               00000003
READ_WRITE                        00000002
RETARDO                           00000096
RETARDO2                          0000009F
RP0                               00000005
RP1                               00000006
RSEN                              00000001
RST                               0000002B
RX9                               00000006
RX9D                              00000000
R_NOT_W                           00000002
R_W                               00000002
S                                 00000003
SBOREN                            00000004
SCKP                              00000004
SCS                               00000000
MPASM 5.66                          MAIN.ASM   3-10-2017  12:10:01         PAGE 14


SYMBOL TABLE
  LABEL                             VALUE 

SEC                               00000049
SECUENCIA                         00000047
SEN                               00000000
SENDB                             00000003
SMP                               00000007
SPBRG                             00000099
SPBRGH                            0000009A
SPEN                              00000007
SR0                               00000006
SR1                               00000007
SRCON                             00000185
SREN                              00000005
SSPADD                            00000093
SSPBUF                            00000013
SSPCON                            00000014
SSPCON2                           00000091
SSPEN                             00000005
SSPIE                             00000003
SSPIF                             00000003
SSPM0                             00000000
SSPM1                             00000001
SSPM2                             00000002
SSPM3                             00000003
SSPMSK                            00000093
SSPOV                             00000006
SSPSTAT                           00000094
STATUS                            00000003
STRA                              00000000
STRB                              00000001
STRC                              00000002
STRD                              00000003
STRSYNC                           00000004
SWDTEN                            00000000
SYNC                              00000004
T0CS                              00000005
T0IE                              00000005
T0IF                              00000002
T0SE                              00000004
T1CKPS0                           00000004
T1CKPS1                           00000005
T1CON                             00000010
T1GINV                            00000007
T1GIV                             00000007
T1GSS                             00000001
T1INSYNC                          00000002
T1OSCEN                           00000003
T1SYNC                            00000002
T2CKPS0                           00000000
T2CKPS1                           00000001
T2CON                             00000012
TMR0                              00000001
TMR0IE                            00000005
TMR0IF                            00000002
MPASM 5.66                          MAIN.ASM   3-10-2017  12:10:01         PAGE 15


SYMBOL TABLE
  LABEL                             VALUE 

TMR1                              0000000E
TMR1CS                            00000001
TMR1GE                            00000006
TMR1H                             0000000F
TMR1IE                            00000000
TMR1IF                            00000000
TMR1L                             0000000E
TMR1ON                            00000000
TMR2                              00000011
TMR2IE                            00000001
TMR2IF                            00000001
TMR2ON                            00000002
TOUTPS0                           00000003
TOUTPS1                           00000004
TOUTPS2                           00000005
TOUTPS3                           00000006
TRISA                             00000085
TRISA0                            00000000
TRISA1                            00000001
TRISA2                            00000002
TRISA3                            00000003
TRISA4                            00000004
TRISA5                            00000005
TRISA6                            00000006
TRISA7                            00000007
TRISB                             00000086
TRISB0                            00000000
TRISB1                            00000001
TRISB2                            00000002
TRISB3                            00000003
TRISB4                            00000004
TRISB5                            00000005
TRISB6                            00000006
TRISB7                            00000007
TRISC                             00000087
TRISC0                            00000000
TRISC1                            00000001
TRISC2                            00000002
TRISC3                            00000003
TRISC4                            00000004
TRISC5                            00000005
TRISC6                            00000006
TRISC7                            00000007
TRISD                             00000088
TRISD0                            00000000
TRISD1                            00000001
TRISD2                            00000002
TRISD3                            00000003
TRISD4                            00000004
TRISD5                            00000005
TRISD6                            00000006
TRISD7                            00000007
TRISE                             00000089
MPASM 5.66                          MAIN.ASM   3-10-2017  12:10:01         PAGE 16


SYMBOL TABLE
  LABEL                             VALUE 

TRISE0                            00000000
TRISE1                            00000001
TRISE2                            00000002
TRISE3                            00000003
TRMT                              00000001
TUN0                              00000000
TUN1                              00000001
TUN2                              00000002
TUN3                              00000003
TUN4                              00000004
TX8_9                             00000006
TX9                               00000006
TX9D                              00000000
TXD8                              00000000
TXEN                              00000005
TXIE                              00000004
TXIF                              00000004
TXREG                             00000019
TXSTA                             00000098
UA                                00000001
ULPWUE                            00000005
ULPWUIE                           00000002
ULPWUIF                           00000002
UNI                               00000024
VCFG0                             00000004
VCFG1                             00000005
VER                               000000A8
VR0                               00000000
VR1                               00000001
VR2                               00000002
VR3                               00000003
VRCON                             00000097
VREN                              00000007
VROE                              00000006
VRR                               00000005
VRSS                              00000004
W                                 00000000
WCOL                              00000007
WDTCON                            00000105
WDTPS0                            00000001
WDTPS1                            00000002
WDTPS2                            00000003
WDTPS3                            00000004
WPUB                              00000095
WPUB0                             00000000
WPUB1                             00000001
WPUB2                             00000002
WPUB3                             00000003
WPUB4                             00000004
WPUB5                             00000005
WPUB6                             00000006
WPUB7                             00000007
WR                                00000001
MPASM 5.66                          MAIN.ASM   3-10-2017  12:10:01         PAGE 17


SYMBOL TABLE
  LABEL                             VALUE 

WREN                              00000002
WRERR                             00000003
WUE                               00000001
X                                 00000027
Z                                 00000002
_.org_0_0007                      00000007
_.org_0_000A                      0000000A
_.org_0_0035                      00000035
_.org_0_003B                      0000003B
_.org_0_0042                      00000042
_.org_0_009B                      0000009B
_.org_0_009D                      0000009D
_.org_0_00A4                      000000A4
_.org_0_00A6                      000000A6
_BOR21V                           00003EFF
_BOR40V                           00003FFF
_BOR4V_BOR21V                     00003EFF
_BOR4V_BOR40V                     00003FFF
_BOREN_NSLEEP                     00003EFF
_BOREN_OFF                        00003CFF
_BOREN_ON                         00003FFF
_BOREN_SBODEN                     00003DFF
_BOR_NSLEEP                       00003EFF
_BOR_OFF                          00003CFF
_BOR_ON                           00003FFF
_BOR_SBODEN                       00003DFF
_CONFIG1                          00002007
_CONFIG2                          00002008
_CPD_OFF                          00003FFF
_CPD_ON                           00003F7F
_CP_OFF                           00003FFF
_CP_ON                            00003FBF
_DEBUG_OFF                        00003FFF
_DEBUG_ON                         00001FFF
_DEVID1                           00002006
_EC_OSC                           00003FFB
_EXTRC                            00003FFF
_EXTRCIO                          00003FFE
_EXTRC_OSC_CLKOUT                 00003FFF
_EXTRC_OSC_NOCLKOUT               00003FFE
_FCMEN_OFF                        000037FF
_FCMEN_ON                         00003FFF
_FOSC_EC                          00003FFB
_FOSC_EXTRC_CLKOUT                00003FFF
_FOSC_EXTRC_NOCLKOUT              00003FFE
_FOSC_HS                          00003FFA
_FOSC_INTRC_CLKOUT                00003FFD
_FOSC_INTRC_NOCLKOUT              00003FFC
_FOSC_LP                          00003FF8
_FOSC_XT                          00003FF9
_HS_OSC                           00003FFA
_IDLOC0                           00002000
_IDLOC1                           00002001
MPASM 5.66                          MAIN.ASM   3-10-2017  12:10:01         PAGE 18


SYMBOL TABLE
  LABEL                             VALUE 

_IDLOC2                           00002002
_IDLOC3                           00002003
_IESO_OFF                         00003BFF
_IESO_ON                          00003FFF
_INTOSC                           00003FFD
_INTOSCIO                         00003FFC
_INTRC_OSC_CLKOUT                 00003FFD
_INTRC_OSC_NOCLKOUT               00003FFC
_LP_OSC                           00003FF8
_LVP_OFF                          00002FFF
_LVP_ON                           00003FFF
_MCLRE_OFF                        00003FDF
_MCLRE_ON                         00003FFF
_PWRTE_OFF                        00003FFF
_PWRTE_ON                         00003FEF
_WDTE_OFF                         00003FF7
_WDTE_ON                          00003FFF
_WDT_OFF                          00003FF7
_WDT_ON                           00003FFF
_WRT_1FOURTH                      00003BFF
_WRT_256                          00003DFF
_WRT_HALF                         000039FF
_WRT_OFF                          00003FFF
_XT_OSC                           00003FF9
__16F887                          00000001

Errors   :     0
Warnings :    11 reported,     0 suppressed
Messages :    23 reported,     0 suppressed

